<?xml version="1.0" encoding="UTF-8"?>
<!-- Generated by org.testng.reporters.JUnitXMLReporter -->
<testsuite ignored="0" hostname="dibya56-virtual-machine" failures="0" tests="2" name="Test Automation" time="33.37" errors="0" timestamp="2021-05-15T18:30:04 IST">
  <testcase classname="tests.LoginTest" name="loginTestMethod" time="7.014">
    <skipped/>
  </testcase> <!-- loginTestMethod -->
  <testcase classname="tests.LoginTest" name="loginTestMethod" time="12.031"/>
</testsuite> <!-- Test Automation -->
