<?xml version="1.0" encoding="UTF-8"?>
<testng-results ignored="0" total="1" passed="1" failed="0" skipped="0">
  <reporter-output>
  </reporter-output>
  <suite started-at="2021-05-16T19:02:54 IST" name="Generic Test Automation Framework" finished-at="2021-05-16T19:02:58 IST" duration-ms="3496">
    <groups>
    </groups>
    <test started-at="2021-05-16T19:02:54 IST" name="Test Automation" finished-at="2021-05-16T19:02:58 IST" duration-ms="3496">
      <class name="tests.LoginTest">
        <test-method is-config="true" signature="beforeTestMethod()[pri:0, instance:tests.LoginTest@2b40ff9c]" started-at="2021-05-16T19:02:54 IST" name="beforeTestMethod" finished-at="2021-05-16T19:02:54 IST" duration-ms="172" status="PASS">
          <reporter-output>
          </reporter-output>
        </test-method> <!-- beforeTestMethod -->
        <test-method is-config="true" signature="beforeMethodMethod(java.lang.String,java.lang.reflect.Method)[pri:0, instance:tests.LoginTest@2b40ff9c]" started-at="2021-05-16T19:02:54 IST" name="beforeMethodMethod" finished-at="2021-05-16T19:02:57 IST" duration-ms="2624" status="PASS">
          <params>
            <param index="0">
              <value>
                <![CDATA[chrome]]>
              </value>
            </param>
            <param index="1">
              <value>
                <![CDATA[public void tests.LoginTest.loginTestMethod()]]>
              </value>
            </param>
          </params>
          <reporter-output>
          </reporter-output>
        </test-method> <!-- beforeMethodMethod -->
        <test-method signature="loginTestMethod()[pri:0, instance:tests.LoginTest@2b40ff9c]" started-at="2021-05-16T19:02:57 IST" name="loginTestMethod" finished-at="2021-05-16T19:02:57 IST" duration-ms="106" status="PASS">
          <reporter-output>
          </reporter-output>
        </test-method> <!-- loginTestMethod -->
        <test-method is-config="true" signature="afterMethodMethod(org.testng.ITestResult)[pri:0, instance:tests.LoginTest@2b40ff9c]" started-at="2021-05-16T19:02:57 IST" name="afterMethodMethod" finished-at="2021-05-16T19:02:57 IST" duration-ms="138" status="PASS">
          <params>
            <param index="0">
              <value>
                <![CDATA[[TestResult name=loginTestMethod status=SUCCESS method=LoginTest.loginTestMethod()[pri:0, instance:tests.LoginTest@2b40ff9c] output={null}]]]>
              </value>
            </param>
          </params>
          <reporter-output>
          </reporter-output>
        </test-method> <!-- afterMethodMethod -->
        <test-method is-config="true" signature="afterTestMethod()[pri:0, instance:tests.LoginTest@2b40ff9c]" started-at="2021-05-16T19:02:57 IST" name="afterTestMethod" finished-at="2021-05-16T19:02:58 IST" duration-ms="420" status="PASS">
          <reporter-output>
          </reporter-output>
        </test-method> <!-- afterTestMethod -->
      </class> <!-- tests.LoginTest -->
    </test> <!-- Test Automation -->
  </suite> <!-- Generic Test Automation Framework -->
</testng-results>
